<?xml version="1.0" encoding="UTF-8"?>
<!-- Generated by org.testng.reporters.JUnitReportReporter -->
<testsuite hostname="INAIRLT541343" failures="0" tests="3" name="com.qa.opencart.tests.RegistrationPageTest" time="10.897" errors="0" timestamp="24 Apr 2023 10:15:53 GMT" skipped="0">
  <testcase classname="com.qa.opencart.tests.RegistrationPageTest" name="userRegistrationTest" time="3.284"/>
  <testcase classname="com.qa.opencart.tests.RegistrationPageTest" name="userRegistrationTest" time="4.251"/>
  <testcase classname="com.qa.opencart.tests.RegistrationPageTest" name="userRegistrationTest" time="3.362"/>
</testsuite> <!-- com.qa.opencart.tests.RegistrationPageTest -->
