<?xml version="1.0" encoding="UTF-8"?>
<!-- Generated by org.testng.reporters.JUnitReportReporter -->
<testsuite hostname="INAIRLT541343" failures="0" tests="3" name="com.qa.opencart.tests.ProductInfoPageTest" time="14.249" errors="0" timestamp="21 Apr 2023 12:27:21 GMT" skipped="0">
  <testcase classname="com.qa.opencart.tests.ProductInfoPageTest" name="productHeaderTest" time="5.550"/>
  <testcase classname="com.qa.opencart.tests.ProductInfoPageTest" name="productImagesCountTest" time="2.927"/>
  <testcase classname="com.qa.opencart.tests.ProductInfoPageTest" name="productInfoTest" time="5.772"/>
</testsuite> <!-- com.qa.opencart.tests.ProductInfoPageTest -->
